Started GET "/" for 127.0.0.1 at 2017-03-12 17:56:11 +0300
Processing by Rails::WelcomeController#index as HTML
  Parameters: {"internal"=>true}
  Rendering /home/oksana/.rvm/gems/ruby-2.3.1/gems/railties-5.0.2/lib/rails/templates/rails/welcome/index.html.erb
  Rendered /home/oksana/.rvm/gems/ruby-2.3.1/gems/railties-5.0.2/lib/rails/templates/rails/welcome/index.html.erb (3.2ms)
Completed 200 OK in 15ms (Views: 6.9ms | ActiveRecord: 0.0ms)


  [1m[35m (114.5ms)[0m  [1m[35mCREATE TABLE "schema_migrations" ("version" varchar NOT NULL PRIMARY KEY)[0m
  [1m[35m (142.8ms)[0m  [1m[35mCREATE TABLE "ar_internal_metadata" ("key" varchar NOT NULL PRIMARY KEY, "value" varchar, "created_at" datetime NOT NULL, "updated_at" datetime NOT NULL)[0m
  [1m[36mActiveRecord::SchemaMigration Load (0.1ms)[0m  [1m[34mSELECT "schema_migrations".* FROM "schema_migrations"[0m
Migrating to CreateTests (20170313053318)
  [1m[35m (0.1ms)[0m  [1m[36mbegin transaction[0m
  [1m[35m (0.3ms)[0m  [1m[35mCREATE TABLE "tests" ("id" INTEGER PRIMARY KEY AUTOINCREMENT NOT NULL, "title" varchar, "description" text, "created_at" datetime NOT NULL, "updated_at" datetime NOT NULL)[0m
  [1m[35mSQL (0.1ms)[0m  [1m[32mINSERT INTO "schema_migrations" ("version") VALUES (?)[0m  [["version", "20170313053318"]]
  [1m[35m (120.6ms)[0m  [1m[36mcommit transaction[0m
  [1m[36mActiveRecord::InternalMetadata Load (0.2ms)[0m  [1m[34mSELECT  "ar_internal_metadata".* FROM "ar_internal_metadata" WHERE "ar_internal_metadata"."key" = ? LIMIT ?[0m  [["key", :environment], ["LIMIT", 1]]
  [1m[35m (0.1ms)[0m  [1m[36mbegin transaction[0m
  [1m[35mSQL (0.6ms)[0m  [1m[32mINSERT INTO "ar_internal_metadata" ("key", "value", "created_at", "updated_at") VALUES (?, ?, ?, ?)[0m  [["key", "environment"], ["value", "development"], ["created_at", 2017-03-13 05:42:42 UTC], ["updated_at", 2017-03-13 05:42:42 UTC]]
  [1m[35m (98.4ms)[0m  [1m[36mcommit transaction[0m
  [1m[36mActiveRecord::SchemaMigration Load (0.1ms)[0m  [1m[34mSELECT "schema_migrations".* FROM "schema_migrations"[0m
  [1m[36mActiveRecord::SchemaMigration Load (0.2ms)[0m  [1m[34mSELECT "schema_migrations".* FROM "schema_migrations"[0m
Migrating to CreateQuestions (20170313054307)
  [1m[35m (0.1ms)[0m  [1m[36mbegin transaction[0m
  [1m[35m (1.2ms)[0m  [1m[35mCREATE TABLE "questions" ("id" INTEGER PRIMARY KEY AUTOINCREMENT NOT NULL, "text" text, "test_id" integer, "created_at" datetime NOT NULL, "updated_at" datetime NOT NULL)[0m
  [1m[35m (0.1ms)[0m  [1m[34mselect sqlite_version(*)[0m
  [1m[35m (0.1ms)[0m  [1m[35mCREATE  INDEX "index_questions_on_test_id" ON "questions" ("test_id")[0m
  [1m[35mSQL (0.2ms)[0m  [1m[32mINSERT INTO "schema_migrations" ("version") VALUES (?)[0m  [["version", "20170313054307"]]
  [1m[35m (164.6ms)[0m  [1m[36mcommit transaction[0m
Migrating to CreateAnswers (20170313054421)
  [1m[35m (0.1ms)[0m  [1m[36mbegin transaction[0m
  [1m[35m (0.3ms)[0m  [1m[35mCREATE TABLE "answers" ("id" INTEGER PRIMARY KEY AUTOINCREMENT NOT NULL, "text" text, "isCorrect" boolean, "question_id" integer, "created_at" datetime NOT NULL, "updated_at" datetime NOT NULL)[0m
  [1m[35m (0.1ms)[0m  [1m[35mCREATE  INDEX "index_answers_on_question_id" ON "answers" ("question_id")[0m
  [1m[35mSQL (0.1ms)[0m  [1m[32mINSERT INTO "schema_migrations" ("version") VALUES (?)[0m  [["version", "20170313054421"]]
  [1m[35m (141.8ms)[0m  [1m[36mcommit transaction[0m
  [1m[36mActiveRecord::InternalMetadata Load (0.2ms)[0m  [1m[34mSELECT  "ar_internal_metadata".* FROM "ar_internal_metadata" WHERE "ar_internal_metadata"."key" = ? LIMIT ?[0m  [["key", :environment], ["LIMIT", 1]]
  [1m[35m (0.1ms)[0m  [1m[36mbegin transaction[0m
  [1m[35m (0.1ms)[0m  [1m[36mcommit transaction[0m
  [1m[36mActiveRecord::SchemaMigration Load (0.1ms)[0m  [1m[34mSELECT "schema_migrations".* FROM "schema_migrations"[0m
  [1m[35m (0.1ms)[0m  [1m[34m            SELECT sql
            FROM sqlite_master
            WHERE name='index_answers_on_question_id' AND type='index'
            UNION ALL
            SELECT sql
            FROM sqlite_temp_master
            WHERE name='index_answers_on_question_id' AND type='index'
[0m
  [1m[35m (0.1ms)[0m  [1m[34m            SELECT sql
            FROM sqlite_master
            WHERE name='index_questions_on_test_id' AND type='index'
            UNION ALL
            SELECT sql
            FROM sqlite_temp_master
            WHERE name='index_questions_on_test_id' AND type='index'
[0m
  [1m[36mActiveRecord::SchemaMigration Load (0.2ms)[0m  [1m[34mSELECT "schema_migrations".* FROM "schema_migrations"[0m
Migrating to CreateUserAnswers (20170313054725)
  [1m[35m (0.1ms)[0m  [1m[36mbegin transaction[0m
  [1m[35m (1.1ms)[0m  [1m[35mCREATE TABLE "user_answers" ("id" INTEGER PRIMARY KEY AUTOINCREMENT NOT NULL, "answer_id" integer, "created_at" datetime NOT NULL, "updated_at" datetime NOT NULL)[0m
  [1m[35m (0.1ms)[0m  [1m[34mselect sqlite_version(*)[0m
  [1m[35m (0.2ms)[0m  [1m[35mCREATE  INDEX "index_user_answers_on_answer_id" ON "user_answers" ("answer_id")[0m
  [1m[35mSQL (0.2ms)[0m  [1m[32mINSERT INTO "schema_migrations" ("version") VALUES (?)[0m  [["version", "20170313054725"]]
  [1m[35m (140.8ms)[0m  [1m[36mcommit transaction[0m
Migrating to CreateCategories (20170313054815)
  [1m[35m (0.1ms)[0m  [1m[36mbegin transaction[0m
  [1m[35m (0.3ms)[0m  [1m[35mCREATE TABLE "categories" ("id" INTEGER PRIMARY KEY AUTOINCREMENT NOT NULL, "title" varchar, "created_at" datetime NOT NULL, "updated_at" datetime NOT NULL)[0m
  [1m[35mSQL (0.1ms)[0m  [1m[32mINSERT INTO "schema_migrations" ("version") VALUES (?)[0m  [["version", "20170313054815"]]
  [1m[35m (131.1ms)[0m  [1m[36mcommit transaction[0m
  [1m[36mActiveRecord::InternalMetadata Load (0.2ms)[0m  [1m[34mSELECT  "ar_internal_metadata".* FROM "ar_internal_metadata" WHERE "ar_internal_metadata"."key" = ? LIMIT ?[0m  [["key", :environment], ["LIMIT", 1]]
  [1m[35m (0.1ms)[0m  [1m[36mbegin transaction[0m
  [1m[35m (0.2ms)[0m  [1m[36mcommit transaction[0m
  [1m[36mActiveRecord::SchemaMigration Load (0.1ms)[0m  [1m[34mSELECT "schema_migrations".* FROM "schema_migrations"[0m
  [1m[35m (0.1ms)[0m  [1m[34m            SELECT sql
            FROM sqlite_master
            WHERE name='index_answers_on_question_id' AND type='index'
            UNION ALL
            SELECT sql
            FROM sqlite_temp_master
            WHERE name='index_answers_on_question_id' AND type='index'
[0m
  [1m[35m (0.1ms)[0m  [1m[34m            SELECT sql
            FROM sqlite_master
            WHERE name='index_questions_on_test_id' AND type='index'
            UNION ALL
            SELECT sql
            FROM sqlite_temp_master
            WHERE name='index_questions_on_test_id' AND type='index'
[0m
  [1m[35m (0.1ms)[0m  [1m[34m            SELECT sql
            FROM sqlite_master
            WHERE name='index_user_answers_on_answer_id' AND type='index'
            UNION ALL
            SELECT sql
            FROM sqlite_temp_master
            WHERE name='index_user_answers_on_answer_id' AND type='index'
[0m
  [1m[36mActiveRecord::SchemaMigration Load (0.2ms)[0m  [1m[34mSELECT "schema_migrations".* FROM "schema_migrations"[0m
Migrating to AddCategoryRefTests (20170313055000)
  [1m[35m (0.1ms)[0m  [1m[36mbegin transaction[0m
  [1m[35mSQL (0.9ms)[0m  [1m[32mINSERT INTO "schema_migrations" ("version") VALUES (?)[0m  [["version", "20170313055000"]]
  [1m[35m (95.6ms)[0m  [1m[36mcommit transaction[0m
  [1m[36mActiveRecord::InternalMetadata Load (0.1ms)[0m  [1m[34mSELECT  "ar_internal_metadata".* FROM "ar_internal_metadata" WHERE "ar_internal_metadata"."key" = ? LIMIT ?[0m  [["key", :environment], ["LIMIT", 1]]
  [1m[35m (0.1ms)[0m  [1m[36mbegin transaction[0m
  [1m[35m (0.1ms)[0m  [1m[36mcommit transaction[0m
  [1m[36mActiveRecord::SchemaMigration Load (0.1ms)[0m  [1m[34mSELECT "schema_migrations".* FROM "schema_migrations"[0m
  [1m[35m (0.1ms)[0m  [1m[34m            SELECT sql
            FROM sqlite_master
            WHERE name='index_answers_on_question_id' AND type='index'
            UNION ALL
            SELECT sql
            FROM sqlite_temp_master
            WHERE name='index_answers_on_question_id' AND type='index'
[0m
  [1m[35m (0.1ms)[0m  [1m[34m            SELECT sql
            FROM sqlite_master
            WHERE name='index_questions_on_test_id' AND type='index'
            UNION ALL
            SELECT sql
            FROM sqlite_temp_master
            WHERE name='index_questions_on_test_id' AND type='index'
[0m
  [1m[35m (0.1ms)[0m  [1m[34m            SELECT sql
            FROM sqlite_master
            WHERE name='index_user_answers_on_answer_id' AND type='index'
            UNION ALL
            SELECT sql
            FROM sqlite_temp_master
            WHERE name='index_user_answers_on_answer_id' AND type='index'
[0m
  [1m[36mActiveRecord::SchemaMigration Load (0.1ms)[0m  [1m[34mSELECT "schema_migrations".* FROM "schema_migrations"[0m
  [1m[36mActiveRecord::SchemaMigration Load (0.0ms)[0m  [1m[34mSELECT "schema_migrations".* FROM "schema_migrations"[0m
Migrating to AddCategoryRefTests (20170313055000)
  [1m[35m (0.1ms)[0m  [1m[36mbegin transaction[0m
  [1m[35mSQL (0.3ms)[0m  [1m[31mDELETE FROM "schema_migrations" WHERE "schema_migrations"."version" = ?[0m  [["version", "20170313055000"]]
  [1m[35m (95.5ms)[0m  [1m[36mcommit transaction[0m
  [1m[36mActiveRecord::SchemaMigration Load (0.1ms)[0m  [1m[34mSELECT "schema_migrations".* FROM "schema_migrations"[0m
  [1m[35m (0.1ms)[0m  [1m[34m            SELECT sql
            FROM sqlite_master
            WHERE name='index_answers_on_question_id' AND type='index'
            UNION ALL
            SELECT sql
            FROM sqlite_temp_master
            WHERE name='index_answers_on_question_id' AND type='index'
[0m
  [1m[35m (0.1ms)[0m  [1m[34m            SELECT sql
            FROM sqlite_master
            WHERE name='index_questions_on_test_id' AND type='index'
            UNION ALL
            SELECT sql
            FROM sqlite_temp_master
            WHERE name='index_questions_on_test_id' AND type='index'
[0m
  [1m[35m (0.1ms)[0m  [1m[34m            SELECT sql
            FROM sqlite_master
            WHERE name='index_user_answers_on_answer_id' AND type='index'
            UNION ALL
            SELECT sql
            FROM sqlite_temp_master
            WHERE name='index_user_answers_on_answer_id' AND type='index'
[0m
  [1m[36mActiveRecord::SchemaMigration Load (0.1ms)[0m  [1m[34mSELECT "schema_migrations".* FROM "schema_migrations"[0m
Migrating to AddCategoryToTests (20170313055556)
  [1m[35m (0.1ms)[0m  [1m[36mbegin transaction[0m
  [1m[35m (1.3ms)[0m  [1m[35mALTER TABLE "tests" ADD "category_id" integer[0m
  [1m[35m (0.1ms)[0m  [1m[34mselect sqlite_version(*)[0m
  [1m[35m (0.2ms)[0m  [1m[35mCREATE  INDEX "index_tests_on_category_id" ON "tests" ("category_id")[0m
  [1m[35mSQL (0.1ms)[0m  [1m[32mINSERT INTO "schema_migrations" ("version") VALUES (?)[0m  [["version", "20170313055556"]]
  [1m[35m (172.9ms)[0m  [1m[36mcommit transaction[0m
  [1m[36mActiveRecord::InternalMetadata Load (0.2ms)[0m  [1m[34mSELECT  "ar_internal_metadata".* FROM "ar_internal_metadata" WHERE "ar_internal_metadata"."key" = ? LIMIT ?[0m  [["key", :environment], ["LIMIT", 1]]
  [1m[35m (0.1ms)[0m  [1m[36mbegin transaction[0m
  [1m[35m (0.0ms)[0m  [1m[36mcommit transaction[0m
  [1m[36mActiveRecord::SchemaMigration Load (0.1ms)[0m  [1m[34mSELECT "schema_migrations".* FROM "schema_migrations"[0m
  [1m[35m (0.1ms)[0m  [1m[34m            SELECT sql
            FROM sqlite_master
            WHERE name='index_answers_on_question_id' AND type='index'
            UNION ALL
            SELECT sql
            FROM sqlite_temp_master
            WHERE name='index_answers_on_question_id' AND type='index'
[0m
  [1m[35m (0.1ms)[0m  [1m[34m            SELECT sql
            FROM sqlite_master
            WHERE name='index_questions_on_test_id' AND type='index'
            UNION ALL
            SELECT sql
            FROM sqlite_temp_master
            WHERE name='index_questions_on_test_id' AND type='index'
[0m
  [1m[35m (0.1ms)[0m  [1m[34m            SELECT sql
            FROM sqlite_master
            WHERE name='index_tests_on_category_id' AND type='index'
            UNION ALL
            SELECT sql
            FROM sqlite_temp_master
            WHERE name='index_tests_on_category_id' AND type='index'
[0m
  [1m[35m (0.1ms)[0m  [1m[34m            SELECT sql
            FROM sqlite_master
            WHERE name='index_user_answers_on_answer_id' AND type='index'
            UNION ALL
            SELECT sql
            FROM sqlite_temp_master
            WHERE name='index_user_answers_on_answer_id' AND type='index'
[0m
  [1m[36mActiveRecord::SchemaMigration Load (0.1ms)[0m  [1m[34mSELECT "schema_migrations".* FROM "schema_migrations"[0m
Migrating to CreateUsers (20170313055707)
  [1m[35m (0.1ms)[0m  [1m[36mbegin transaction[0m
  [1m[35m (1.3ms)[0m  [1m[35mCREATE TABLE "users" ("id" INTEGER PRIMARY KEY AUTOINCREMENT NOT NULL, "name" varchar, "password" varchar, "created_at" datetime NOT NULL, "updated_at" datetime NOT NULL)[0m
  [1m[35mSQL (0.2ms)[0m  [1m[32mINSERT INTO "schema_migrations" ("version") VALUES (?)[0m  [["version", "20170313055707"]]
  [1m[35m (126.9ms)[0m  [1m[36mcommit transaction[0m
  [1m[36mActiveRecord::InternalMetadata Load (0.2ms)[0m  [1m[34mSELECT  "ar_internal_metadata".* FROM "ar_internal_metadata" WHERE "ar_internal_metadata"."key" = ? LIMIT ?[0m  [["key", :environment], ["LIMIT", 1]]
  [1m[35m (0.0ms)[0m  [1m[36mbegin transaction[0m
  [1m[35m (0.0ms)[0m  [1m[36mcommit transaction[0m
  [1m[36mActiveRecord::SchemaMigration Load (0.1ms)[0m  [1m[34mSELECT "schema_migrations".* FROM "schema_migrations"[0m
  [1m[35m (0.1ms)[0m  [1m[34m            SELECT sql
            FROM sqlite_master
            WHERE name='index_answers_on_question_id' AND type='index'
            UNION ALL
            SELECT sql
            FROM sqlite_temp_master
            WHERE name='index_answers_on_question_id' AND type='index'
[0m
  [1m[35m (0.1ms)[0m  [1m[34m            SELECT sql
            FROM sqlite_master
            WHERE name='index_questions_on_test_id' AND type='index'
            UNION ALL
            SELECT sql
            FROM sqlite_temp_master
            WHERE name='index_questions_on_test_id' AND type='index'
[0m
  [1m[35m (0.1ms)[0m  [1m[34m            SELECT sql
            FROM sqlite_master
            WHERE name='index_tests_on_category_id' AND type='index'
            UNION ALL
            SELECT sql
            FROM sqlite_temp_master
            WHERE name='index_tests_on_category_id' AND type='index'
[0m
  [1m[35m (0.1ms)[0m  [1m[34m            SELECT sql
            FROM sqlite_master
            WHERE name='index_user_answers_on_answer_id' AND type='index'
            UNION ALL
            SELECT sql
            FROM sqlite_temp_master
            WHERE name='index_user_answers_on_answer_id' AND type='index'
[0m
  [1m[36mActiveRecord::SchemaMigration Load (0.1ms)[0m  [1m[34mSELECT "schema_migrations".* FROM "schema_migrations"[0m
Migrating to AddTestToUsers (20170313055820)
  [1m[35m (0.1ms)[0m  [1m[36mbegin transaction[0m
  [1m[35m (1.1ms)[0m  [1m[35mALTER TABLE "users" ADD "test_id" integer[0m
  [1m[35m (0.1ms)[0m  [1m[34mselect sqlite_version(*)[0m
  [1m[35m (0.1ms)[0m  [1m[35mCREATE  INDEX "index_users_on_test_id" ON "users" ("test_id")[0m
  [1m[35mSQL (0.1ms)[0m  [1m[32mINSERT INTO "schema_migrations" ("version") VALUES (?)[0m  [["version", "20170313055820"]]
  [1m[35m (124.0ms)[0m  [1m[36mcommit transaction[0m
  [1m[36mActiveRecord::InternalMetadata Load (0.1ms)[0m  [1m[34mSELECT  "ar_internal_metadata".* FROM "ar_internal_metadata" WHERE "ar_internal_metadata"."key" = ? LIMIT ?[0m  [["key", :environment], ["LIMIT", 1]]
  [1m[35m (0.0ms)[0m  [1m[36mbegin transaction[0m
  [1m[35m (0.0ms)[0m  [1m[36mcommit transaction[0m
  [1m[36mActiveRecord::SchemaMigration Load (0.1ms)[0m  [1m[34mSELECT "schema_migrations".* FROM "schema_migrations"[0m
  [1m[35m (0.1ms)[0m  [1m[34m            SELECT sql
            FROM sqlite_master
            WHERE name='index_answers_on_question_id' AND type='index'
            UNION ALL
            SELECT sql
            FROM sqlite_temp_master
            WHERE name='index_answers_on_question_id' AND type='index'
[0m
  [1m[35m (0.1ms)[0m  [1m[34m            SELECT sql
            FROM sqlite_master
            WHERE name='index_questions_on_test_id' AND type='index'
            UNION ALL
            SELECT sql
            FROM sqlite_temp_master
            WHERE name='index_questions_on_test_id' AND type='index'
[0m
  [1m[35m (0.1ms)[0m  [1m[34m            SELECT sql
            FROM sqlite_master
            WHERE name='index_tests_on_category_id' AND type='index'
            UNION ALL
            SELECT sql
            FROM sqlite_temp_master
            WHERE name='index_tests_on_category_id' AND type='index'
[0m
  [1m[35m (0.1ms)[0m  [1m[34m            SELECT sql
            FROM sqlite_master
            WHERE name='index_user_answers_on_answer_id' AND type='index'
            UNION ALL
            SELECT sql
            FROM sqlite_temp_master
            WHERE name='index_user_answers_on_answer_id' AND type='index'
[0m
  [1m[35m (0.1ms)[0m  [1m[34m            SELECT sql
            FROM sqlite_master
            WHERE name='index_users_on_test_id' AND type='index'
            UNION ALL
            SELECT sql
            FROM sqlite_temp_master
            WHERE name='index_users_on_test_id' AND type='index'
[0m
  [1m[36mActiveRecord::SchemaMigration Load (0.1ms)[0m  [1m[34mSELECT "schema_migrations".* FROM "schema_migrations"[0m
Migrating to AddTestToUserAnswers (20170313060621)
  [1m[35m (0.1ms)[0m  [1m[36mbegin transaction[0m
  [1m[35m (1.4ms)[0m  [1m[35mALTER TABLE "user_answers" ADD "test_id" integer[0m
  [1m[35m (0.1ms)[0m  [1m[34mselect sqlite_version(*)[0m
  [1m[35m (0.1ms)[0m  [1m[34m            SELECT sql
            FROM sqlite_master
            WHERE name='index_user_answers_on_answer_id' AND type='index'
            UNION ALL
            SELECT sql
            FROM sqlite_temp_master
            WHERE name='index_user_answers_on_answer_id' AND type='index'
[0m
  [1m[35m (0.2ms)[0m  [1m[35mCREATE  INDEX "index_user_answers_on_test_id" ON "user_answers" ("test_id")[0m
  [1m[35mSQL (0.2ms)[0m  [1m[32mINSERT INTO "schema_migrations" ("version") VALUES (?)[0m  [["version", "20170313060621"]]
  [1m[35m (167.9ms)[0m  [1m[36mcommit transaction[0m
  [1m[36mActiveRecord::InternalMetadata Load (0.1ms)[0m  [1m[34mSELECT  "ar_internal_metadata".* FROM "ar_internal_metadata" WHERE "ar_internal_metadata"."key" = ? LIMIT ?[0m  [["key", :environment], ["LIMIT", 1]]
  [1m[35m (0.0ms)[0m  [1m[36mbegin transaction[0m
  [1m[35m (0.0ms)[0m  [1m[36mcommit transaction[0m
  [1m[36mActiveRecord::SchemaMigration Load (0.1ms)[0m  [1m[34mSELECT "schema_migrations".* FROM "schema_migrations"[0m
  [1m[35m (0.1ms)[0m  [1m[34m            SELECT sql
            FROM sqlite_master
            WHERE name='index_answers_on_question_id' AND type='index'
            UNION ALL
            SELECT sql
            FROM sqlite_temp_master
            WHERE name='index_answers_on_question_id' AND type='index'
[0m
  [1m[35m (0.1ms)[0m  [1m[34m            SELECT sql
            FROM sqlite_master
            WHERE name='index_questions_on_test_id' AND type='index'
            UNION ALL
            SELECT sql
            FROM sqlite_temp_master
            WHERE name='index_questions_on_test_id' AND type='index'
[0m
  [1m[35m (0.1ms)[0m  [1m[34m            SELECT sql
            FROM sqlite_master
            WHERE name='index_tests_on_category_id' AND type='index'
            UNION ALL
            SELECT sql
            FROM sqlite_temp_master
            WHERE name='index_tests_on_category_id' AND type='index'
[0m
  [1m[35m (0.1ms)[0m  [1m[34m            SELECT sql
            FROM sqlite_master
            WHERE name='index_user_answers_on_test_id' AND type='index'
            UNION ALL
            SELECT sql
            FROM sqlite_temp_master
            WHERE name='index_user_answers_on_test_id' AND type='index'
[0m
  [1m[35m (0.1ms)[0m  [1m[34m            SELECT sql
            FROM sqlite_master
            WHERE name='index_user_answers_on_answer_id' AND type='index'
            UNION ALL
            SELECT sql
            FROM sqlite_temp_master
            WHERE name='index_user_answers_on_answer_id' AND type='index'
[0m
  [1m[35m (0.1ms)[0m  [1m[34m            SELECT sql
            FROM sqlite_master
            WHERE name='index_users_on_test_id' AND type='index'
            UNION ALL
            SELECT sql
            FROM sqlite_temp_master
            WHERE name='index_users_on_test_id' AND type='index'
[0m
  [1m[36mActiveRecord::SchemaMigration Load (0.1ms)[0m  [1m[34mSELECT "schema_migrations".* FROM "schema_migrations"[0m
  [1m[36mActiveRecord::SchemaMigration Load (0.1ms)[0m  [1m[34mSELECT "schema_migrations".* FROM "schema_migrations"[0m
Migrating to AddTestToUserAnswers (20170313060621)
  [1m[35m (0.1ms)[0m  [1m[36mbegin transaction[0m
  [1m[35m (0.3ms)[0m  [1m[35mCREATE TEMPORARY TABLE "auser_answers" ("id" INTEGER PRIMARY KEY AUTOINCREMENT NOT NULL, "answer_id" integer, "created_at" datetime NOT NULL, "updated_at" datetime NOT NULL, "test_id" integer)[0m
  [1m[35m (0.1ms)[0m  [1m[34m            SELECT sql
            FROM sqlite_master
            WHERE name='index_user_answers_on_test_id' AND type='index'
            UNION ALL
            SELECT sql
            FROM sqlite_temp_master
            WHERE name='index_user_answers_on_test_id' AND type='index'
[0m
  [1m[35m (0.1ms)[0m  [1m[34m            SELECT sql
            FROM sqlite_master
            WHERE name='index_user_answers_on_answer_id' AND type='index'
            UNION ALL
            SELECT sql
            FROM sqlite_temp_master
            WHERE name='index_user_answers_on_answer_id' AND type='index'
[0m
  [1m[35m (0.0ms)[0m  [1m[34mselect sqlite_version(*)[0m
  [1m[35m (0.1ms)[0m  [1m[35mCREATE  INDEX "tindex_auser_answers_on_test_id" ON "auser_answers" ("test_id")[0m
  [1m[35m (0.1ms)[0m  [1m[35mCREATE  INDEX "tindex_auser_answers_on_answer_id" ON "auser_answers" ("answer_id")[0m
  [1m[35m (11.5ms)[0m  [1m[32mINSERT INTO "auser_answers" ("id","answer_id","created_at","updated_at","test_id")
                     SELECT "id","answer_id","created_at","updated_at","test_id" FROM "user_answers"[0m
  [1m[35m (0.4ms)[0m  [1m[35mDROP TABLE "user_answers"[0m
  [1m[35m (0.1ms)[0m  [1m[35mCREATE TABLE "user_answers" ("id" INTEGER PRIMARY KEY AUTOINCREMENT NOT NULL, "answer_id" integer, "created_at" datetime NOT NULL, "updated_at" datetime NOT NULL)[0m
  [1m[35m (0.1ms)[0m  [1m[34m            SELECT sql
            FROM sqlite_master
            WHERE name='tindex_auser_answers_on_answer_id' AND type='index'
            UNION ALL
            SELECT sql
            FROM sqlite_temp_master
            WHERE name='tindex_auser_answers_on_answer_id' AND type='index'
[0m
  [1m[35m (0.1ms)[0m  [1m[34m            SELECT sql
            FROM sqlite_master
            WHERE name='tindex_auser_answers_on_test_id' AND type='index'
            UNION ALL
            SELECT sql
            FROM sqlite_temp_master
            WHERE name='tindex_auser_answers_on_test_id' AND type='index'
[0m
  [1m[35m (0.1ms)[0m  [1m[35mCREATE  INDEX "index_user_answers_on_answer_id" ON "user_answers" ("answer_id")[0m
  [1m[35m (0.1ms)[0m  [1m[32mINSERT INTO "user_answers" ("id","answer_id","created_at","updated_at")
                     SELECT "id","answer_id","created_at","updated_at" FROM "auser_answers"[0m
  [1m[35m (0.1ms)[0m  [1m[35mDROP TABLE "auser_answers"[0m
  [1m[35mSQL (0.1ms)[0m  [1m[31mDELETE FROM "schema_migrations" WHERE "schema_migrations"."version" = ?[0m  [["version", "20170313060621"]]
  [1m[35m (122.8ms)[0m  [1m[36mcommit transaction[0m
  [1m[36mActiveRecord::SchemaMigration Load (0.1ms)[0m  [1m[34mSELECT "schema_migrations".* FROM "schema_migrations"[0m
  [1m[35m (0.1ms)[0m  [1m[34m            SELECT sql
            FROM sqlite_master
            WHERE name='index_answers_on_question_id' AND type='index'
            UNION ALL
            SELECT sql
            FROM sqlite_temp_master
            WHERE name='index_answers_on_question_id' AND type='index'
[0m
  [1m[35m (0.1ms)[0m  [1m[34m            SELECT sql
            FROM sqlite_master
            WHERE name='index_questions_on_test_id' AND type='index'
            UNION ALL
            SELECT sql
            FROM sqlite_temp_master
            WHERE name='index_questions_on_test_id' AND type='index'
[0m
  [1m[35m (0.1ms)[0m  [1m[34m            SELECT sql
            FROM sqlite_master
            WHERE name='index_tests_on_category_id' AND type='index'
            UNION ALL
            SELECT sql
            FROM sqlite_temp_master
            WHERE name='index_tests_on_category_id' AND type='index'
[0m
  [1m[35m (0.1ms)[0m  [1m[34m            SELECT sql
            FROM sqlite_master
            WHERE name='index_user_answers_on_answer_id' AND type='index'
            UNION ALL
            SELECT sql
            FROM sqlite_temp_master
            WHERE name='index_user_answers_on_answer_id' AND type='index'
[0m
  [1m[35m (0.1ms)[0m  [1m[34m            SELECT sql
            FROM sqlite_master
            WHERE name='index_users_on_test_id' AND type='index'
            UNION ALL
            SELECT sql
            FROM sqlite_temp_master
            WHERE name='index_users_on_test_id' AND type='index'
[0m
  [1m[36mActiveRecord::SchemaMigration Load (0.2ms)[0m  [1m[34mSELECT "schema_migrations".* FROM "schema_migrations"[0m
Migrating to AddUserToUserAnswers (20170313082218)
  [1m[35m (0.1ms)[0m  [1m[36mbegin transaction[0m
  [1m[35m (1.0ms)[0m  [1m[35mALTER TABLE "user_answers" ADD "user_id" integer[0m
  [1m[35m (0.1ms)[0m  [1m[34mselect sqlite_version(*)[0m
  [1m[35m (0.1ms)[0m  [1m[34m            SELECT sql
            FROM sqlite_master
            WHERE name='index_user_answers_on_answer_id' AND type='index'
            UNION ALL
            SELECT sql
            FROM sqlite_temp_master
            WHERE name='index_user_answers_on_answer_id' AND type='index'
[0m
  [1m[35m (0.2ms)[0m  [1m[35mCREATE  INDEX "index_user_answers_on_user_id" ON "user_answers" ("user_id")[0m
  [1m[35mSQL (0.1ms)[0m  [1m[32mINSERT INTO "schema_migrations" ("version") VALUES (?)[0m  [["version", "20170313082218"]]
  [1m[35m (136.0ms)[0m  [1m[36mcommit transaction[0m
  [1m[36mActiveRecord::InternalMetadata Load (0.1ms)[0m  [1m[34mSELECT  "ar_internal_metadata".* FROM "ar_internal_metadata" WHERE "ar_internal_metadata"."key" = ? LIMIT ?[0m  [["key", :environment], ["LIMIT", 1]]
  [1m[35m (0.0ms)[0m  [1m[36mbegin transaction[0m
  [1m[35m (0.0ms)[0m  [1m[36mcommit transaction[0m
  [1m[36mActiveRecord::SchemaMigration Load (0.1ms)[0m  [1m[34mSELECT "schema_migrations".* FROM "schema_migrations"[0m
  [1m[35m (0.1ms)[0m  [1m[34m            SELECT sql
            FROM sqlite_master
            WHERE name='index_answers_on_question_id' AND type='index'
            UNION ALL
            SELECT sql
            FROM sqlite_temp_master
            WHERE name='index_answers_on_question_id' AND type='index'
[0m
  [1m[35m (0.1ms)[0m  [1m[34m            SELECT sql
            FROM sqlite_master
            WHERE name='index_questions_on_test_id' AND type='index'
            UNION ALL
            SELECT sql
            FROM sqlite_temp_master
            WHERE name='index_questions_on_test_id' AND type='index'
[0m
  [1m[35m (0.1ms)[0m  [1m[34m            SELECT sql
            FROM sqlite_master
            WHERE name='index_tests_on_category_id' AND type='index'
            UNION ALL
            SELECT sql
            FROM sqlite_temp_master
            WHERE name='index_tests_on_category_id' AND type='index'
[0m
  [1m[35m (0.1ms)[0m  [1m[34m            SELECT sql
            FROM sqlite_master
            WHERE name='index_user_answers_on_user_id' AND type='index'
            UNION ALL
            SELECT sql
            FROM sqlite_temp_master
            WHERE name='index_user_answers_on_user_id' AND type='index'
[0m
  [1m[35m (0.1ms)[0m  [1m[34m            SELECT sql
            FROM sqlite_master
            WHERE name='index_user_answers_on_answer_id' AND type='index'
            UNION ALL
            SELECT sql
            FROM sqlite_temp_master
            WHERE name='index_user_answers_on_answer_id' AND type='index'
[0m
  [1m[35m (0.1ms)[0m  [1m[34m            SELECT sql
            FROM sqlite_master
            WHERE name='index_users_on_test_id' AND type='index'
            UNION ALL
            SELECT sql
            FROM sqlite_temp_master
            WHERE name='index_users_on_test_id' AND type='index'
[0m
  [1m[36mActiveRecord::SchemaMigration Load (0.2ms)[0m  [1m[34mSELECT "schema_migrations".* FROM "schema_migrations"[0m
  [1m[36mActiveRecord::SchemaMigration Load (0.0ms)[0m  [1m[34mSELECT "schema_migrations".* FROM "schema_migrations"[0m
Migrating to AddUserToUserAnswers (20170313082218)
  [1m[35m (0.0ms)[0m  [1m[36mbegin transaction[0m
  [1m[35m (0.3ms)[0m  [1m[35mCREATE TEMPORARY TABLE "auser_answers" ("id" INTEGER PRIMARY KEY AUTOINCREMENT NOT NULL, "answer_id" integer, "created_at" datetime NOT NULL, "updated_at" datetime NOT NULL, "user_id" integer)[0m
  [1m[35m (0.1ms)[0m  [1m[34m            SELECT sql
            FROM sqlite_master
            WHERE name='index_user_answers_on_user_id' AND type='index'
            UNION ALL
            SELECT sql
            FROM sqlite_temp_master
            WHERE name='index_user_answers_on_user_id' AND type='index'
[0m
  [1m[35m (0.1ms)[0m  [1m[34m            SELECT sql
            FROM sqlite_master
            WHERE name='index_user_answers_on_answer_id' AND type='index'
            UNION ALL
            SELECT sql
            FROM sqlite_temp_master
            WHERE name='index_user_answers_on_answer_id' AND type='index'
[0m
  [1m[35m (0.1ms)[0m  [1m[34mselect sqlite_version(*)[0m
  [1m[35m (0.1ms)[0m  [1m[35mCREATE  INDEX "tindex_auser_answers_on_user_id" ON "auser_answers" ("user_id")[0m
  [1m[35m (0.1ms)[0m  [1m[35mCREATE  INDEX "tindex_auser_answers_on_answer_id" ON "auser_answers" ("answer_id")[0m
  [1m[35m (0.1ms)[0m  [1m[32mINSERT INTO "auser_answers" ("id","answer_id","created_at","updated_at","user_id")
                     SELECT "id","answer_id","created_at","updated_at","user_id" FROM "user_answers"[0m
  [1m[35m (1.1ms)[0m  [1m[35mDROP TABLE "user_answers"[0m
  [1m[35m (0.2ms)[0m  [1m[35mCREATE TABLE "user_answers" ("id" INTEGER PRIMARY KEY AUTOINCREMENT NOT NULL, "answer_id" integer, "created_at" datetime NOT NULL, "updated_at" datetime NOT NULL)[0m
  [1m[35m (0.1ms)[0m  [1m[34m            SELECT sql
            FROM sqlite_master
            WHERE name='tindex_auser_answers_on_answer_id' AND type='index'
            UNION ALL
            SELECT sql
            FROM sqlite_temp_master
            WHERE name='tindex_auser_answers_on_answer_id' AND type='index'
[0m
  [1m[35m (0.1ms)[0m  [1m[34m            SELECT sql
            FROM sqlite_master
            WHERE name='tindex_auser_answers_on_user_id' AND type='index'
            UNION ALL
            SELECT sql
            FROM sqlite_temp_master
            WHERE name='tindex_auser_answers_on_user_id' AND type='index'
[0m
  [1m[35m (0.2ms)[0m  [1m[35mCREATE  INDEX "index_user_answers_on_answer_id" ON "user_answers" ("answer_id")[0m
  [1m[35m (0.2ms)[0m  [1m[32mINSERT INTO "user_answers" ("id","answer_id","created_at","updated_at")
                     SELECT "id","answer_id","created_at","updated_at" FROM "auser_answers"[0m
  [1m[35m (0.2ms)[0m  [1m[35mDROP TABLE "auser_answers"[0m
  [1m[35mSQL (0.2ms)[0m  [1m[31mDELETE FROM "schema_migrations" WHERE "schema_migrations"."version" = ?[0m  [["version", "20170313082218"]]
  [1m[35m (117.1ms)[0m  [1m[36mcommit transaction[0m
Migrating to AddTestToUsers (20170313055820)
  [1m[35m (0.1ms)[0m  [1m[36mbegin transaction[0m
  [1m[35m (0.3ms)[0m  [1m[35mCREATE TEMPORARY TABLE "ausers" ("id" INTEGER PRIMARY KEY AUTOINCREMENT NOT NULL, "name" varchar, "password" varchar, "created_at" datetime NOT NULL, "updated_at" datetime NOT NULL, "test_id" integer)[0m
  [1m[35m (0.1ms)[0m  [1m[34m            SELECT sql
            FROM sqlite_master
            WHERE name='index_users_on_test_id' AND type='index'
            UNION ALL
            SELECT sql
            FROM sqlite_temp_master
            WHERE name='index_users_on_test_id' AND type='index'
[0m
  [1m[35m (0.1ms)[0m  [1m[35mCREATE  INDEX "tindex_ausers_on_test_id" ON "ausers" ("test_id")[0m
  [1m[35m (0.1ms)[0m  [1m[32mINSERT INTO "ausers" ("id","name","password","created_at","updated_at","test_id")
                     SELECT "id","name","password","created_at","updated_at","test_id" FROM "users"[0m
  [1m[35m (0.2ms)[0m  [1m[35mDROP TABLE "users"[0m
  [1m[35m (0.1ms)[0m  [1m[35mCREATE TABLE "users" ("id" INTEGER PRIMARY KEY AUTOINCREMENT NOT NULL, "name" varchar, "password" varchar, "created_at" datetime NOT NULL, "updated_at" datetime NOT NULL)[0m
  [1m[35m (0.1ms)[0m  [1m[34m            SELECT sql
            FROM sqlite_master
            WHERE name='tindex_ausers_on_test_id' AND type='index'
            UNION ALL
            SELECT sql
            FROM sqlite_temp_master
            WHERE name='tindex_ausers_on_test_id' AND type='index'
[0m
  [1m[35m (0.1ms)[0m  [1m[32mINSERT INTO "users" ("id","name","password","created_at","updated_at")
                     SELECT "id","name","password","created_at","updated_at" FROM "ausers"[0m
  [1m[35m (0.2ms)[0m  [1m[35mDROP TABLE "ausers"[0m
  [1m[35mSQL (0.2ms)[0m  [1m[31mDELETE FROM "schema_migrations" WHERE "schema_migrations"."version" = ?[0m  [["version", "20170313055820"]]
  [1m[35m (119.9ms)[0m  [1m[36mcommit transaction[0m
  [1m[36mActiveRecord::SchemaMigration Load (0.1ms)[0m  [1m[34mSELECT "schema_migrations".* FROM "schema_migrations"[0m
  [1m[35m (0.1ms)[0m  [1m[34m            SELECT sql
            FROM sqlite_master
            WHERE name='index_answers_on_question_id' AND type='index'
            UNION ALL
            SELECT sql
            FROM sqlite_temp_master
            WHERE name='index_answers_on_question_id' AND type='index'
[0m
  [1m[35m (0.1ms)[0m  [1m[34m            SELECT sql
            FROM sqlite_master
            WHERE name='index_questions_on_test_id' AND type='index'
            UNION ALL
            SELECT sql
            FROM sqlite_temp_master
            WHERE name='index_questions_on_test_id' AND type='index'
[0m
  [1m[35m (0.1ms)[0m  [1m[34m            SELECT sql
            FROM sqlite_master
            WHERE name='index_tests_on_category_id' AND type='index'
            UNION ALL
            SELECT sql
            FROM sqlite_temp_master
            WHERE name='index_tests_on_category_id' AND type='index'
[0m
  [1m[35m (0.1ms)[0m  [1m[34m            SELECT sql
            FROM sqlite_master
            WHERE name='index_user_answers_on_answer_id' AND type='index'
            UNION ALL
            SELECT sql
            FROM sqlite_temp_master
            WHERE name='index_user_answers_on_answer_id' AND type='index'
[0m
  [1m[36mActiveRecord::SchemaMigration Load (0.1ms)[0m  [1m[34mSELECT "schema_migrations".* FROM "schema_migrations"[0m
Migrating to AddUserToUserAnswers (20170313082734)
  [1m[35m (0.2ms)[0m  [1m[36mbegin transaction[0m
  [1m[35m (1.0ms)[0m  [1m[35mALTER TABLE "user_answers" ADD "user_id" integer[0m
  [1m[35m (0.1ms)[0m  [1m[34mselect sqlite_version(*)[0m
  [1m[35m (0.1ms)[0m  [1m[34m            SELECT sql
            FROM sqlite_master
            WHERE name='index_user_answers_on_answer_id' AND type='index'
            UNION ALL
            SELECT sql
            FROM sqlite_temp_master
            WHERE name='index_user_answers_on_answer_id' AND type='index'
[0m
  [1m[35m (0.2ms)[0m  [1m[35mCREATE  INDEX "index_user_answers_on_user_id" ON "user_answers" ("user_id")[0m
  [1m[35mSQL (0.1ms)[0m  [1m[32mINSERT INTO "schema_migrations" ("version") VALUES (?)[0m  [["version", "20170313082734"]]
  [1m[35m (131.4ms)[0m  [1m[36mcommit transaction[0m
  [1m[36mActiveRecord::InternalMetadata Load (0.2ms)[0m  [1m[34mSELECT  "ar_internal_metadata".* FROM "ar_internal_metadata" WHERE "ar_internal_metadata"."key" = ? LIMIT ?[0m  [["key", :environment], ["LIMIT", 1]]
  [1m[35m (0.1ms)[0m  [1m[36mbegin transaction[0m
  [1m[35m (0.1ms)[0m  [1m[36mcommit transaction[0m
  [1m[36mActiveRecord::SchemaMigration Load (0.1ms)[0m  [1m[34mSELECT "schema_migrations".* FROM "schema_migrations"[0m
  [1m[35m (0.1ms)[0m  [1m[34m            SELECT sql
            FROM sqlite_master
            WHERE name='index_answers_on_question_id' AND type='index'
            UNION ALL
            SELECT sql
            FROM sqlite_temp_master
            WHERE name='index_answers_on_question_id' AND type='index'
[0m
  [1m[35m (0.1ms)[0m  [1m[34m            SELECT sql
            FROM sqlite_master
            WHERE name='index_questions_on_test_id' AND type='index'
            UNION ALL
            SELECT sql
            FROM sqlite_temp_master
            WHERE name='index_questions_on_test_id' AND type='index'
[0m
  [1m[35m (0.1ms)[0m  [1m[34m            SELECT sql
            FROM sqlite_master
            WHERE name='index_tests_on_category_id' AND type='index'
            UNION ALL
            SELECT sql
            FROM sqlite_temp_master
            WHERE name='index_tests_on_category_id' AND type='index'
[0m
  [1m[35m (0.1ms)[0m  [1m[34m            SELECT sql
            FROM sqlite_master
            WHERE name='index_user_answers_on_user_id' AND type='index'
            UNION ALL
            SELECT sql
            FROM sqlite_temp_master
            WHERE name='index_user_answers_on_user_id' AND type='index'
[0m
  [1m[35m (0.1ms)[0m  [1m[34m            SELECT sql
            FROM sqlite_master
            WHERE name='index_user_answers_on_answer_id' AND type='index'
            UNION ALL
            SELECT sql
            FROM sqlite_temp_master
            WHERE name='index_user_answers_on_answer_id' AND type='index'
[0m
  [1m[36mActiveRecord::SchemaMigration Load (0.1ms)[0m  [1m[34mSELECT "schema_migrations".* FROM "schema_migrations"[0m
Migrating to RemoveIsCorrectFromAnswers (20170313083515)
  [1m[35m (0.1ms)[0m  [1m[36mbegin transaction[0m
  [1m[35m (0.3ms)[0m  [1m[35mCREATE TEMPORARY TABLE "aanswers" ("id" INTEGER PRIMARY KEY AUTOINCREMENT NOT NULL, "text" text, "isCorrect" boolean, "question_id" integer, "created_at" datetime NOT NULL, "updated_at" datetime NOT NULL)[0m
  [1m[35m (0.1ms)[0m  [1m[34m            SELECT sql
            FROM sqlite_master
            WHERE name='index_answers_on_question_id' AND type='index'
            UNION ALL
            SELECT sql
            FROM sqlite_temp_master
            WHERE name='index_answers_on_question_id' AND type='index'
[0m
  [1m[35m (0.0ms)[0m  [1m[34mselect sqlite_version(*)[0m
  [1m[35m (0.1ms)[0m  [1m[35mCREATE  INDEX "tindex_aanswers_on_question_id" ON "aanswers" ("question_id")[0m
  [1m[35m (0.1ms)[0m  [1m[32mINSERT INTO "aanswers" ("id","text","isCorrect","question_id","created_at","updated_at")
                     SELECT "id","text","isCorrect","question_id","created_at","updated_at" FROM "answers"[0m
  [1m[35m (0.8ms)[0m  [1m[35mDROP TABLE "answers"[0m
  [1m[35m (0.2ms)[0m  [1m[35mCREATE TABLE "answers" ("id" INTEGER PRIMARY KEY AUTOINCREMENT NOT NULL, "text" text, "question_id" integer, "created_at" datetime NOT NULL, "updated_at" datetime NOT NULL)[0m
  [1m[35m (0.1ms)[0m  [1m[34m            SELECT sql
            FROM sqlite_master
            WHERE name='tindex_aanswers_on_question_id' AND type='index'
            UNION ALL
            SELECT sql
            FROM sqlite_temp_master
            WHERE name='tindex_aanswers_on_question_id' AND type='index'
[0m
  [1m[35m (0.1ms)[0m  [1m[35mCREATE  INDEX "index_answers_on_question_id" ON "answers" ("question_id")[0m
  [1m[35m (0.1ms)[0m  [1m[32mINSERT INTO "answers" ("id","text","question_id","created_at","updated_at")
                     SELECT "id","text","question_id","created_at","updated_at" FROM "aanswers"[0m
  [1m[35m (0.1ms)[0m  [1m[35mDROP TABLE "aanswers"[0m
  [1m[35mSQL (0.2ms)[0m  [1m[32mINSERT INTO "schema_migrations" ("version") VALUES (?)[0m  [["version", "20170313083515"]]
  [1m[35m (252.9ms)[0m  [1m[36mcommit transaction[0m
  [1m[36mActiveRecord::InternalMetadata Load (0.3ms)[0m  [1m[34mSELECT  "ar_internal_metadata".* FROM "ar_internal_metadata" WHERE "ar_internal_metadata"."key" = ? LIMIT ?[0m  [["key", :environment], ["LIMIT", 1]]
  [1m[35m (0.1ms)[0m  [1m[36mbegin transaction[0m
  [1m[35m (0.1ms)[0m  [1m[36mcommit transaction[0m
  [1m[36mActiveRecord::SchemaMigration Load (0.1ms)[0m  [1m[34mSELECT "schema_migrations".* FROM "schema_migrations"[0m
  [1m[35m (0.1ms)[0m  [1m[34m            SELECT sql
            FROM sqlite_master
            WHERE name='index_answers_on_question_id' AND type='index'
            UNION ALL
            SELECT sql
            FROM sqlite_temp_master
            WHERE name='index_answers_on_question_id' AND type='index'
[0m
  [1m[35m (0.1ms)[0m  [1m[34m            SELECT sql
            FROM sqlite_master
            WHERE name='index_questions_on_test_id' AND type='index'
            UNION ALL
            SELECT sql
            FROM sqlite_temp_master
            WHERE name='index_questions_on_test_id' AND type='index'
[0m
  [1m[35m (0.1ms)[0m  [1m[34m            SELECT sql
            FROM sqlite_master
            WHERE name='index_tests_on_category_id' AND type='index'
            UNION ALL
            SELECT sql
            FROM sqlite_temp_master
            WHERE name='index_tests_on_category_id' AND type='index'
[0m
  [1m[35m (0.1ms)[0m  [1m[34m            SELECT sql
            FROM sqlite_master
            WHERE name='index_user_answers_on_user_id' AND type='index'
            UNION ALL
            SELECT sql
            FROM sqlite_temp_master
            WHERE name='index_user_answers_on_user_id' AND type='index'
[0m
  [1m[35m (0.1ms)[0m  [1m[34m            SELECT sql
            FROM sqlite_master
            WHERE name='index_user_answers_on_answer_id' AND type='index'
            UNION ALL
            SELECT sql
            FROM sqlite_temp_master
            WHERE name='index_user_answers_on_answer_id' AND type='index'
[0m
  [1m[36mActiveRecord::SchemaMigration Load (0.2ms)[0m  [1m[34mSELECT "schema_migrations".* FROM "schema_migrations"[0m
Migrating to AddIsCorrectToAnswers (20170313083725)
  [1m[35m (0.1ms)[0m  [1m[36mbegin transaction[0m
  [1m[35m (1.0ms)[0m  [1m[35mALTER TABLE "answers" ADD "is_correct" boolean[0m
  [1m[35mSQL (0.3ms)[0m  [1m[32mINSERT INTO "schema_migrations" ("version") VALUES (?)[0m  [["version", "20170313083725"]]
  [1m[35m (130.7ms)[0m  [1m[36mcommit transaction[0m
  [1m[36mActiveRecord::InternalMetadata Load (0.1ms)[0m  [1m[34mSELECT  "ar_internal_metadata".* FROM "ar_internal_metadata" WHERE "ar_internal_metadata"."key" = ? LIMIT ?[0m  [["key", :environment], ["LIMIT", 1]]
  [1m[35m (0.1ms)[0m  [1m[36mbegin transaction[0m
  [1m[35m (0.1ms)[0m  [1m[36mcommit transaction[0m
  [1m[36mActiveRecord::SchemaMigration Load (0.1ms)[0m  [1m[34mSELECT "schema_migrations".* FROM "schema_migrations"[0m
  [1m[35m (0.1ms)[0m  [1m[34m            SELECT sql
            FROM sqlite_master
            WHERE name='index_answers_on_question_id' AND type='index'
            UNION ALL
            SELECT sql
            FROM sqlite_temp_master
            WHERE name='index_answers_on_question_id' AND type='index'
[0m
  [1m[35m (0.1ms)[0m  [1m[34m            SELECT sql
            FROM sqlite_master
            WHERE name='index_questions_on_test_id' AND type='index'
            UNION ALL
            SELECT sql
            FROM sqlite_temp_master
            WHERE name='index_questions_on_test_id' AND type='index'
[0m
  [1m[35m (0.1ms)[0m  [1m[34m            SELECT sql
            FROM sqlite_master
            WHERE name='index_tests_on_category_id' AND type='index'
            UNION ALL
            SELECT sql
            FROM sqlite_temp_master
            WHERE name='index_tests_on_category_id' AND type='index'
[0m
  [1m[35m (0.1ms)[0m  [1m[34m            SELECT sql
            FROM sqlite_master
            WHERE name='index_user_answers_on_user_id' AND type='index'
            UNION ALL
            SELECT sql
            FROM sqlite_temp_master
            WHERE name='index_user_answers_on_user_id' AND type='index'
[0m
  [1m[35m (0.1ms)[0m  [1m[34m            SELECT sql
            FROM sqlite_master
            WHERE name='index_user_answers_on_answer_id' AND type='index'
            UNION ALL
            SELECT sql
            FROM sqlite_temp_master
            WHERE name='index_user_answers_on_answer_id' AND type='index'
[0m
Started GET "/" for 127.0.0.1 at 2017-03-16 13:02:55 +0300
  [1m[36mActiveRecord::SchemaMigration Load (0.2ms)[0m  [1m[34mSELECT "schema_migrations".* FROM "schema_migrations"[0m
Processing by Rails::WelcomeController#index as HTML
  Parameters: {"internal"=>true}
  Rendering /home/oksana/.rvm/gems/ruby-2.3.1/gems/railties-5.0.2/lib/rails/templates/rails/welcome/index.html.erb
  Rendered /home/oksana/.rvm/gems/ruby-2.3.1/gems/railties-5.0.2/lib/rails/templates/rails/welcome/index.html.erb (3.3ms)
Completed 200 OK in 17ms (Views: 7.3ms | ActiveRecord: 0.0ms)


Started GET "/admin" for 127.0.0.1 at 2017-03-16 13:03:02 +0300
  
ActionController::RoutingError (No route matches [GET] "/admin"):
  
actionpack (5.0.2) lib/action_dispatch/middleware/debug_exceptions.rb:53:in `call'
web-console (3.4.0) lib/web_console/middleware.rb:135:in `call_app'
web-console (3.4.0) lib/web_console/middleware.rb:28:in `block in call'
web-console (3.4.0) lib/web_console/middleware.rb:18:in `catch'
web-console (3.4.0) lib/web_console/middleware.rb:18:in `call'
actionpack (5.0.2) lib/action_dispatch/middleware/show_exceptions.rb:31:in `call'
railties (5.0.2) lib/rails/rack/logger.rb:36:in `call_app'
railties (5.0.2) lib/rails/rack/logger.rb:24:in `block in call'
activesupport (5.0.2) lib/active_support/tagged_logging.rb:69:in `block in tagged'
activesupport (5.0.2) lib/active_support/tagged_logging.rb:26:in `tagged'
activesupport (5.0.2) lib/active_support/tagged_logging.rb:69:in `tagged'
railties (5.0.2) lib/rails/rack/logger.rb:24:in `call'
sprockets-rails (3.2.0) lib/sprockets/rails/quiet_assets.rb:13:in `call'
actionpack (5.0.2) lib/action_dispatch/middleware/request_id.rb:24:in `call'
rack (2.0.1) lib/rack/method_override.rb:22:in `call'
rack (2.0.1) lib/rack/runtime.rb:22:in `call'
activesupport (5.0.2) lib/active_support/cache/strategy/local_cache_middleware.rb:28:in `call'
actionpack (5.0.2) lib/action_dispatch/middleware/executor.rb:12:in `call'
actionpack (5.0.2) lib/action_dispatch/middleware/static.rb:136:in `call'
rack (2.0.1) lib/rack/sendfile.rb:111:in `call'
railties (5.0.2) lib/rails/engine.rb:522:in `call'
puma (3.8.1) lib/puma/configuration.rb:224:in `call'
puma (3.8.1) lib/puma/server.rb:590:in `handle_request'
puma (3.8.1) lib/puma/server.rb:425:in `process_client'
puma (3.8.1) lib/puma/server.rb:289:in `block in run'
puma (3.8.1) lib/puma/thread_pool.rb:120:in `block in spawn_thread'
  Rendering /home/oksana/.rvm/gems/ruby-2.3.1/gems/actionpack-5.0.2/lib/action_dispatch/middleware/templates/rescues/routing_error.html.erb within rescues/layout
  Rendering /home/oksana/.rvm/gems/ruby-2.3.1/gems/actionpack-5.0.2/lib/action_dispatch/middleware/templates/rescues/_trace.html.erb
  Rendered /home/oksana/.rvm/gems/ruby-2.3.1/gems/actionpack-5.0.2/lib/action_dispatch/middleware/templates/rescues/_trace.html.erb (2.7ms)
  Rendered /home/oksana/.rvm/gems/ruby-2.3.1/gems/actionpack-5.0.2/lib/action_dispatch/middleware/templates/routes/_table.html.erb (20.4ms)
  Rendering /home/oksana/.rvm/gems/ruby-2.3.1/gems/actionpack-5.0.2/lib/action_dispatch/middleware/templates/rescues/_request_and_response.html.erb
  Rendered /home/oksana/.rvm/gems/ruby-2.3.1/gems/actionpack-5.0.2/lib/action_dispatch/middleware/templates/rescues/_request_and_response.html.erb (1.5ms)
  Rendered /home/oksana/.rvm/gems/ruby-2.3.1/gems/actionpack-5.0.2/lib/action_dispatch/middleware/templates/rescues/routing_error.html.erb within rescues/layout (62.9ms)
Started GET "/admin" for 127.0.0.1 at 2017-03-16 13:03:40 +0300
  [1m[36mActiveRecord::SchemaMigration Load (0.3ms)[0m  [1m[34mSELECT "schema_migrations".* FROM "schema_migrations"[0m
Processing by RailsAdmin::MainController#dashboard as HTML
  [1m[35m (0.1ms)[0m  [1m[34mSELECT COUNT(*) FROM "answers"[0m
  [1m[36mAnswer Load (0.1ms)[0m  [1m[34mSELECT  "answers".* FROM "answers" ORDER BY "answers"."id" DESC LIMIT ?[0m  [["LIMIT", 1]]
  [1m[35m (0.1ms)[0m  [1m[34mSELECT COUNT(*) FROM "categories"[0m
  [1m[36mCategory Load (0.1ms)[0m  [1m[34mSELECT  "categories".* FROM "categories" ORDER BY "categories"."id" DESC LIMIT ?[0m  [["LIMIT", 1]]
  [1m[35m (0.1ms)[0m  [1m[34mSELECT COUNT(*) FROM "questions"[0m
  [1m[36mQuestion Load (0.1ms)[0m  [1m[34mSELECT  "questions".* FROM "questions" ORDER BY "questions"."id" DESC LIMIT ?[0m  [["LIMIT", 1]]
  [1m[35m (0.1ms)[0m  [1m[34mSELECT COUNT(*) FROM "tests"[0m
  [1m[36mTest Load (0.1ms)[0m  [1m[34mSELECT  "tests".* FROM "tests" ORDER BY "tests"."id" DESC LIMIT ?[0m  [["LIMIT", 1]]
  [1m[35m (0.1ms)[0m  [1m[34mSELECT COUNT(*) FROM "users"[0m
  [1m[36mUser Load (0.1ms)[0m  [1m[34mSELECT  "users".* FROM "users" ORDER BY "users"."id" DESC LIMIT ?[0m  [["LIMIT", 1]]
  [1m[35m (0.1ms)[0m  [1m[34mSELECT COUNT(*) FROM "user_answers"[0m
  [1m[36mUserAnswer Load (0.2ms)[0m  [1m[34mSELECT  "user_answers".* FROM "user_answers" ORDER BY "user_answers"."id" DESC LIMIT ?[0m  [["LIMIT", 1]]
  Rendering /home/oksana/.rvm/gems/ruby-2.3.1/gems/rails_admin-1.1.1/app/views/rails_admin/main/dashboard.html.haml within layouts/rails_admin/application
  Rendered /home/oksana/.rvm/gems/ruby-2.3.1/gems/rails_admin-1.1.1/app/views/rails_admin/main/dashboard.html.haml within layouts/rails_admin/application (40.9ms)
  Rendered /home/oksana/.rvm/gems/ruby-2.3.1/gems/rails_admin-1.1.1/app/views/layouts/rails_admin/_secondary_navigation.html.haml (2.8ms)
  Rendered /home/oksana/.rvm/gems/ruby-2.3.1/gems/rails_admin-1.1.1/app/views/layouts/rails_admin/_navigation.html.haml (7.2ms)
  Rendered /home/oksana/.rvm/gems/ruby-2.3.1/gems/rails_admin-1.1.1/app/views/layouts/rails_admin/_sidebar_navigation.html.haml (4.6ms)
  Rendering /home/oksana/.rvm/gems/ruby-2.3.1/gems/rails_admin-1.1.1/app/views/layouts/rails_admin/pjax.html.haml
  Rendered /home/oksana/.rvm/gems/ruby-2.3.1/gems/rails_admin-1.1.1/app/views/layouts/rails_admin/pjax.html.haml (3.1ms)
Completed 200 OK in 11397ms (Views: 11129.5ms | ActiveRecord: 4.1ms)


Started GET "/admin/test?_pjax=%5Bdata-pjax-container%5D" for 127.0.0.1 at 2017-03-16 13:04:00 +0300
Processing by RailsAdmin::MainController#index as HTML
  Parameters: {"_pjax"=>"[data-pjax-container]", "model_name"=>"test"}
  Rendering /home/oksana/.rvm/gems/ruby-2.3.1/gems/rails_admin-1.1.1/app/views/rails_admin/main/index.html.haml within layouts/rails_admin/pjax
  [1m[36mTest Load (0.2ms)[0m  [1m[34mSELECT  "tests".* FROM "tests" ORDER BY tests.id desc LIMIT ? OFFSET ?[0m  [["LIMIT", 20], ["OFFSET", 0]]
  [1m[35m (0.4ms)[0m  [1m[34mSELECT COUNT(*) FROM "tests"[0m
  Rendered /home/oksana/.rvm/gems/ruby-2.3.1/gems/rails_admin-1.1.1/app/views/rails_admin/main/index.html.haml within layouts/rails_admin/pjax (37.1ms)
Completed 200 OK in 61ms (Views: 48.1ms | ActiveRecord: 0.7ms)


Started GET "/admin/test/new?_pjax=%5Bdata-pjax-container%5D" for 127.0.0.1 at 2017-03-16 13:04:08 +0300
Processing by RailsAdmin::MainController#new as HTML
  Parameters: {"_pjax"=>"[data-pjax-container]", "model_name"=>"test"}
  Rendering /home/oksana/.rvm/gems/ruby-2.3.1/gems/rails_admin-1.1.1/app/views/rails_admin/main/new.html.haml within layouts/rails_admin/pjax
  Rendered /home/oksana/.rvm/gems/ruby-2.3.1/gems/rails_admin-1.1.1/app/views/rails_admin/main/_form_field.html.haml (3.6ms)
  Rendered /home/oksana/.rvm/gems/ruby-2.3.1/gems/rails_admin-1.1.1/app/views/rails_admin/main/_form_text.html.haml (2.6ms)
  [1m[35m (0.4ms)[0m  [1m[34mSELECT COUNT(*) FROM "categories"[0m
  [1m[36mCategory Load (0.2ms)[0m  [1m[34mSELECT "categories".* FROM "categories" ORDER BY categories.id desc[0m
  Rendered /home/oksana/.rvm/gems/ruby-2.3.1/gems/rails_admin-1.1.1/app/views/rails_admin/main/_form_filtering_select.html.haml (16.1ms)
  [1m[35m (0.2ms)[0m  [1m[34mSELECT COUNT(*) FROM "questions"[0m
  [1m[36mQuestion Load (0.2ms)[0m  [1m[34mSELECT "questions".* FROM "questions" ORDER BY questions.id desc[0m
  Rendered /home/oksana/.rvm/gems/ruby-2.3.1/gems/rails_admin-1.1.1/app/views/rails_admin/main/_form_filtering_multiselect.html.haml (25.5ms)
  Rendered /home/oksana/.rvm/gems/ruby-2.3.1/gems/rails_admin-1.1.1/app/views/rails_admin/main/_submit_buttons.html.haml (4.0ms)
  Rendered /home/oksana/.rvm/gems/ruby-2.3.1/gems/rails_admin-1.1.1/app/views/rails_admin/main/new.html.haml within layouts/rails_admin/pjax (76.5ms)
Completed 200 OK in 96ms (Views: 89.1ms | ActiveRecord: 1.1ms)


Started GET "/admin/category?_pjax=%5Bdata-pjax-container%5D" for 127.0.0.1 at 2017-03-16 13:04:17 +0300
Processing by RailsAdmin::MainController#index as HTML
  Parameters: {"_pjax"=>"[data-pjax-container]", "model_name"=>"category"}
  Rendering /home/oksana/.rvm/gems/ruby-2.3.1/gems/rails_admin-1.1.1/app/views/rails_admin/main/index.html.haml within layouts/rails_admin/pjax
  [1m[36mCategory Load (0.6ms)[0m  [1m[34mSELECT  "categories".* FROM "categories" ORDER BY categories.id desc LIMIT ? OFFSET ?[0m  [["LIMIT", 20], ["OFFSET", 0]]
  [1m[35m (0.2ms)[0m  [1m[34mSELECT COUNT(*) FROM "categories"[0m
  Rendered /home/oksana/.rvm/gems/ruby-2.3.1/gems/rails_admin-1.1.1/app/views/rails_admin/main/index.html.haml within layouts/rails_admin/pjax (36.0ms)
Completed 200 OK in 58ms (Views: 49.8ms | ActiveRecord: 0.8ms)


Started GET "/admin/category/new?_pjax=%5Bdata-pjax-container%5D" for 127.0.0.1 at 2017-03-16 13:04:21 +0300
Processing by RailsAdmin::MainController#new as HTML
  Parameters: {"_pjax"=>"[data-pjax-container]", "model_name"=>"category"}
  Rendering /home/oksana/.rvm/gems/ruby-2.3.1/gems/rails_admin-1.1.1/app/views/rails_admin/main/new.html.haml within layouts/rails_admin/pjax
  Rendered /home/oksana/.rvm/gems/ruby-2.3.1/gems/rails_admin-1.1.1/app/views/rails_admin/main/_form_field.html.haml (1.3ms)
  [1m[35m (0.4ms)[0m  [1m[34mSELECT COUNT(*) FROM "tests"[0m
  [1m[36mTest Load (0.2ms)[0m  [1m[34mSELECT "tests".* FROM "tests" ORDER BY tests.id desc[0m
  Rendered /home/oksana/.rvm/gems/ruby-2.3.1/gems/rails_admin-1.1.1/app/views/rails_admin/main/_form_filtering_multiselect.html.haml (12.2ms)
  Rendered /home/oksana/.rvm/gems/ruby-2.3.1/gems/rails_admin-1.1.1/app/views/rails_admin/main/_submit_buttons.html.haml (4.4ms)
  Rendered /home/oksana/.rvm/gems/ruby-2.3.1/gems/rails_admin-1.1.1/app/views/rails_admin/main/new.html.haml within layouts/rails_admin/pjax (29.8ms)
Completed 200 OK in 51ms (Views: 45.4ms | ActiveRecord: 0.6ms)


Started POST "/admin/category/new" for 127.0.0.1 at 2017-03-16 13:04:30 +0300
Processing by RailsAdmin::MainController#new as HTML
  Parameters: {"utf8"=>"✓", "authenticity_token"=>"7zchSp34aAPbOKFCzA8o9cro30eWPLDP2SzR9ulYdfd+9VaWVXMtoJ/NUeyPxT8kRI14moIVfcKxLT3IHIFWQw==", "category"=>{"title"=>"Фильмы", "test_ids"=>["", ""]}, "return_to"=>"http://localhost:3000/admin/category", "_save"=>"", "model_name"=>"category"}
  [1m[36mTest Load (0.2ms)[0m  [1m[34mSELECT "tests".* FROM "tests" WHERE 1=0[0m
  [1m[35m (0.1ms)[0m  [1m[36mbegin transaction[0m
  [1m[35mSQL (2.9ms)[0m  [1m[32mINSERT INTO "categories" ("title", "created_at", "updated_at") VALUES (?, ?, ?)[0m  [["title", "Фильмы"], ["created_at", 2017-03-16 10:04:30 UTC], ["updated_at", 2017-03-16 10:04:30 UTC]]
  [1m[35m (297.2ms)[0m  [1m[36mcommit transaction[0m
Redirected to http://localhost:3000/admin/category
Completed 302 Found in 312ms (ActiveRecord: 300.4ms)


Started GET "/admin/category" for 127.0.0.1 at 2017-03-16 13:04:30 +0300
Processing by RailsAdmin::MainController#index as HTML
  Parameters: {"model_name"=>"category"}
  Rendering /home/oksana/.rvm/gems/ruby-2.3.1/gems/rails_admin-1.1.1/app/views/rails_admin/main/index.html.haml within layouts/rails_admin/application
  [1m[36mCategory Load (0.2ms)[0m  [1m[34mSELECT  "categories".* FROM "categories" ORDER BY categories.id desc LIMIT ? OFFSET ?[0m  [["LIMIT", 20], ["OFFSET", 0]]
  [1m[36mTest Load (0.3ms)[0m  [1m[34mSELECT "tests".* FROM "tests" WHERE "tests"."category_id" = ?[0m  [["category_id", 1]]
  [1m[35m (0.2ms)[0m  [1m[34mSELECT COUNT(*) FROM "categories"[0m
  Rendered /home/oksana/.rvm/gems/ruby-2.3.1/gems/rails_admin-1.1.1/app/views/rails_admin/main/index.html.haml within layouts/rails_admin/application (63.2ms)
  Rendered /home/oksana/.rvm/gems/ruby-2.3.1/gems/rails_admin-1.1.1/app/views/layouts/rails_admin/_secondary_navigation.html.haml (2.3ms)
  Rendered /home/oksana/.rvm/gems/ruby-2.3.1/gems/rails_admin-1.1.1/app/views/layouts/rails_admin/_navigation.html.haml (5.2ms)
  Rendered /home/oksana/.rvm/gems/ruby-2.3.1/gems/rails_admin-1.1.1/app/views/layouts/rails_admin/_sidebar_navigation.html.haml (4.4ms)
  Rendering /home/oksana/.rvm/gems/ruby-2.3.1/gems/rails_admin-1.1.1/app/views/layouts/rails_admin/pjax.html.haml
  Rendered /home/oksana/.rvm/gems/ruby-2.3.1/gems/rails_admin-1.1.1/app/views/layouts/rails_admin/pjax.html.haml (6.0ms)
Completed 200 OK in 192ms (Views: 187.7ms | ActiveRecord: 0.6ms)


Started GET "/admin/category/new?_pjax=%5Bdata-pjax-container%5D" for 127.0.0.1 at 2017-03-16 13:04:32 +0300
Processing by RailsAdmin::MainController#new as HTML
  Parameters: {"_pjax"=>"[data-pjax-container]", "model_name"=>"category"}
  Rendering /home/oksana/.rvm/gems/ruby-2.3.1/gems/rails_admin-1.1.1/app/views/rails_admin/main/new.html.haml within layouts/rails_admin/pjax
  Rendered /home/oksana/.rvm/gems/ruby-2.3.1/gems/rails_admin-1.1.1/app/views/rails_admin/main/_form_field.html.haml (1.8ms)
  [1m[36mTest Load (1.0ms)[0m  [1m[34mSELECT "tests".* FROM "tests" ORDER BY tests.id desc[0m
  Rendered /home/oksana/.rvm/gems/ruby-2.3.1/gems/rails_admin-1.1.1/app/views/rails_admin/main/_form_filtering_multiselect.html.haml (11.7ms)
  Rendered /home/oksana/.rvm/gems/ruby-2.3.1/gems/rails_admin-1.1.1/app/views/rails_admin/main/_submit_buttons.html.haml (5.9ms)
  Rendered /home/oksana/.rvm/gems/ruby-2.3.1/gems/rails_admin-1.1.1/app/views/rails_admin/main/new.html.haml within layouts/rails_admin/pjax (30.3ms)
Completed 200 OK in 56ms (Views: 50.2ms | ActiveRecord: 1.0ms)


Started POST "/admin/category/new" for 127.0.0.1 at 2017-03-16 13:04:36 +0300
Processing by RailsAdmin::MainController#new as HTML
  Parameters: {"utf8"=>"✓", "authenticity_token"=>"Xpcqhx2/1ndWfFW2jNfibA8BfiB4zW+Su2O3g4Lki6rPVV1b1TST1BKJpRjPHfW9gWTZ/Wzkop/TYlu9dz2oHg==", "category"=>{"title"=>"Музыка", "test_ids"=>["", ""]}, "return_to"=>"http://localhost:3000/admin/category", "_save"=>"", "model_name"=>"category"}
  [1m[36mTest Load (0.2ms)[0m  [1m[34mSELECT "tests".* FROM "tests" WHERE 1=0[0m
  [1m[35m (0.1ms)[0m  [1m[36mbegin transaction[0m
  [1m[35mSQL (0.2ms)[0m  [1m[32mINSERT INTO "categories" ("title", "created_at", "updated_at") VALUES (?, ?, ?)[0m  [["title", "Музыка"], ["created_at", 2017-03-16 10:04:36 UTC], ["updated_at", 2017-03-16 10:04:36 UTC]]
  [1m[35m (275.7ms)[0m  [1m[36mcommit transaction[0m
Redirected to http://localhost:3000/admin/category
Completed 302 Found in 287ms (ActiveRecord: 276.1ms)


Started GET "/admin/category" for 127.0.0.1 at 2017-03-16 13:04:37 +0300
Processing by RailsAdmin::MainController#index as HTML
  Parameters: {"model_name"=>"category"}
  Rendering /home/oksana/.rvm/gems/ruby-2.3.1/gems/rails_admin-1.1.1/app/views/rails_admin/main/index.html.haml within layouts/rails_admin/application
  [1m[36mCategory Load (0.2ms)[0m  [1m[34mSELECT  "categories".* FROM "categories" ORDER BY categories.id desc LIMIT ? OFFSET ?[0m  [["LIMIT", 20], ["OFFSET", 0]]
  [1m[36mTest Load (0.2ms)[0m  [1m[34mSELECT "tests".* FROM "tests" WHERE "tests"."category_id" = ?[0m  [["category_id", 2]]
  [1m[36mTest Load (0.1ms)[0m  [1m[34mSELECT "tests".* FROM "tests" WHERE "tests"."category_id" = ?[0m  [["category_id", 1]]
  [1m[35m (0.2ms)[0m  [1m[34mSELECT COUNT(*) FROM "categories"[0m
  Rendered /home/oksana/.rvm/gems/ruby-2.3.1/gems/rails_admin-1.1.1/app/views/rails_admin/main/index.html.haml within layouts/rails_admin/application (44.1ms)
  Rendered /home/oksana/.rvm/gems/ruby-2.3.1/gems/rails_admin-1.1.1/app/views/layouts/rails_admin/_secondary_navigation.html.haml (4.5ms)
  Rendered /home/oksana/.rvm/gems/ruby-2.3.1/gems/rails_admin-1.1.1/app/views/layouts/rails_admin/_navigation.html.haml (9.7ms)
  Rendered /home/oksana/.rvm/gems/ruby-2.3.1/gems/rails_admin-1.1.1/app/views/layouts/rails_admin/_sidebar_navigation.html.haml (8.1ms)
  Rendering /home/oksana/.rvm/gems/ruby-2.3.1/gems/rails_admin-1.1.1/app/views/layouts/rails_admin/pjax.html.haml
  Rendered /home/oksana/.rvm/gems/ruby-2.3.1/gems/rails_admin-1.1.1/app/views/layouts/rails_admin/pjax.html.haml (8.5ms)
Completed 200 OK in 220ms (Views: 213.4ms | ActiveRecord: 0.8ms)


Started GET "/admin/category/new?_pjax=%5Bdata-pjax-container%5D" for 127.0.0.1 at 2017-03-16 13:04:40 +0300
Processing by RailsAdmin::MainController#new as HTML
  Parameters: {"_pjax"=>"[data-pjax-container]", "model_name"=>"category"}
  Rendering /home/oksana/.rvm/gems/ruby-2.3.1/gems/rails_admin-1.1.1/app/views/rails_admin/main/new.html.haml within layouts/rails_admin/pjax
  Rendered /home/oksana/.rvm/gems/ruby-2.3.1/gems/rails_admin-1.1.1/app/views/rails_admin/main/_form_field.html.haml (2.1ms)
  [1m[36mTest Load (0.4ms)[0m  [1m[34mSELECT "tests".* FROM "tests" ORDER BY tests.id desc[0m
  Rendered /home/oksana/.rvm/gems/ruby-2.3.1/gems/rails_admin-1.1.1/app/views/rails_admin/main/_form_filtering_multiselect.html.haml (14.1ms)
  Rendered /home/oksana/.rvm/gems/ruby-2.3.1/gems/rails_admin-1.1.1/app/views/rails_admin/main/_submit_buttons.html.haml (7.5ms)
  Rendered /home/oksana/.rvm/gems/ruby-2.3.1/gems/rails_admin-1.1.1/app/views/rails_admin/main/new.html.haml within layouts/rails_admin/pjax (37.9ms)
Completed 200 OK in 68ms (Views: 60.4ms | ActiveRecord: 0.4ms)


Started POST "/admin/category/new" for 127.0.0.1 at 2017-03-16 13:04:46 +0300
Processing by RailsAdmin::MainController#new as HTML
  Parameters: {"utf8"=>"✓", "authenticity_token"=>"HRh6vYkytI7TOew17S/oUy6qUCiHhbBPEWSR6L4tOAqM2g1hQbnxLZfMHJuu5f+CoM/39ZOsfUJ5ZX3WS/Qbvg==", "category"=>{"title"=>"Английский", "test_ids"=>["", ""]}, "return_to"=>"http://localhost:3000/admin/category", "_save"=>"", "model_name"=>"category"}
  [1m[36mTest Load (0.2ms)[0m  [1m[34mSELECT "tests".* FROM "tests" WHERE 1=0[0m
  [1m[35m (0.1ms)[0m  [1m[36mbegin transaction[0m
  [1m[35mSQL (1.6ms)[0m  [1m[32mINSERT INTO "categories" ("title", "created_at", "updated_at") VALUES (?, ?, ?)[0m  [["title", "Английский"], ["created_at", 2017-03-16 10:04:46 UTC], ["updated_at", 2017-03-16 10:04:46 UTC]]
  [1m[35m (307.1ms)[0m  [1m[36mcommit transaction[0m
Redirected to http://localhost:3000/admin/category
Completed 302 Found in 319ms (ActiveRecord: 309.0ms)


Started GET "/admin/category" for 127.0.0.1 at 2017-03-16 13:04:46 +0300
Processing by RailsAdmin::MainController#index as HTML
  Parameters: {"model_name"=>"category"}
  Rendering /home/oksana/.rvm/gems/ruby-2.3.1/gems/rails_admin-1.1.1/app/views/rails_admin/main/index.html.haml within layouts/rails_admin/application
  [1m[36mCategory Load (0.2ms)[0m  [1m[34mSELECT  "categories".* FROM "categories" ORDER BY categories.id desc LIMIT ? OFFSET ?[0m  [["LIMIT", 20], ["OFFSET", 0]]
  [1m[36mTest Load (0.2ms)[0m  [1m[34mSELECT "tests".* FROM "tests" WHERE "tests"."category_id" = ?[0m  [["category_id", 3]]
  [1m[36mTest Load (0.2ms)[0m  [1m[34mSELECT "tests".* FROM "tests" WHERE "tests"."category_id" = ?[0m  [["category_id", 2]]
  [1m[36mTest Load (0.2ms)[0m  [1m[34mSELECT "tests".* FROM "tests" WHERE "tests"."category_id" = ?[0m  [["category_id", 1]]
  [1m[35m (0.1ms)[0m  [1m[34mSELECT COUNT(*) FROM "categories"[0m
  Rendered /home/oksana/.rvm/gems/ruby-2.3.1/gems/rails_admin-1.1.1/app/views/rails_admin/main/index.html.haml within layouts/rails_admin/application (57.9ms)
  Rendered /home/oksana/.rvm/gems/ruby-2.3.1/gems/rails_admin-1.1.1/app/views/layouts/rails_admin/_secondary_navigation.html.haml (5.1ms)
  Rendered /home/oksana/.rvm/gems/ruby-2.3.1/gems/rails_admin-1.1.1/app/views/layouts/rails_admin/_navigation.html.haml (9.3ms)
  Rendered /home/oksana/.rvm/gems/ruby-2.3.1/gems/rails_admin-1.1.1/app/views/layouts/rails_admin/_sidebar_navigation.html.haml (5.7ms)
  Rendering /home/oksana/.rvm/gems/ruby-2.3.1/gems/rails_admin-1.1.1/app/views/layouts/rails_admin/pjax.html.haml
  Rendered /home/oksana/.rvm/gems/ruby-2.3.1/gems/rails_admin-1.1.1/app/views/layouts/rails_admin/pjax.html.haml (6.9ms)
Completed 200 OK in 210ms (Views: 205.4ms | ActiveRecord: 0.8ms)


Started GET "/admin/test?_pjax=%5Bdata-pjax-container%5D" for 127.0.0.1 at 2017-03-16 13:04:54 +0300
Processing by RailsAdmin::MainController#index as HTML
  Parameters: {"_pjax"=>"[data-pjax-container]", "model_name"=>"test"}
  Rendering /home/oksana/.rvm/gems/ruby-2.3.1/gems/rails_admin-1.1.1/app/views/rails_admin/main/index.html.haml within layouts/rails_admin/pjax
  [1m[36mTest Load (0.2ms)[0m  [1m[34mSELECT  "tests".* FROM "tests" ORDER BY tests.id desc LIMIT ? OFFSET ?[0m  [["LIMIT", 20], ["OFFSET", 0]]
  [1m[35m (0.1ms)[0m  [1m[34mSELECT COUNT(*) FROM "tests"[0m
  Rendered /home/oksana/.rvm/gems/ruby-2.3.1/gems/rails_admin-1.1.1/app/views/rails_admin/main/index.html.haml within layouts/rails_admin/pjax (54.1ms)
Completed 200 OK in 77ms (Views: 68.0ms | ActiveRecord: 0.3ms)


Started GET "/admin/test/new?_pjax=%5Bdata-pjax-container%5D" for 127.0.0.1 at 2017-03-16 13:04:55 +0300
Processing by RailsAdmin::MainController#new as HTML
  Parameters: {"_pjax"=>"[data-pjax-container]", "model_name"=>"test"}
  Rendering /home/oksana/.rvm/gems/ruby-2.3.1/gems/rails_admin-1.1.1/app/views/rails_admin/main/new.html.haml within layouts/rails_admin/pjax
  Rendered /home/oksana/.rvm/gems/ruby-2.3.1/gems/rails_admin-1.1.1/app/views/rails_admin/main/_form_field.html.haml (2.1ms)
  Rendered /home/oksana/.rvm/gems/ruby-2.3.1/gems/rails_admin-1.1.1/app/views/rails_admin/main/_form_text.html.haml (2.1ms)
  [1m[36mCategory Load (1.1ms)[0m  [1m[34mSELECT "categories".* FROM "categories" ORDER BY categories.id desc[0m
  Rendered /home/oksana/.rvm/gems/ruby-2.3.1/gems/rails_admin-1.1.1/app/views/rails_admin/main/_form_filtering_select.html.haml (13.9ms)
  [1m[36mQuestion Load (0.2ms)[0m  [1m[34mSELECT "questions".* FROM "questions" ORDER BY questions.id desc[0m
  Rendered /home/oksana/.rvm/gems/ruby-2.3.1/gems/rails_admin-1.1.1/app/views/rails_admin/main/_form_filtering_multiselect.html.haml (11.5ms)
  Rendered /home/oksana/.rvm/gems/ruby-2.3.1/gems/rails_admin-1.1.1/app/views/rails_admin/main/_submit_buttons.html.haml (4.4ms)
  Rendered /home/oksana/.rvm/gems/ruby-2.3.1/gems/rails_admin-1.1.1/app/views/rails_admin/main/new.html.haml within layouts/rails_admin/pjax (50.3ms)
Completed 200 OK in 69ms (Views: 60.5ms | ActiveRecord: 1.4ms)


Started POST "/admin/test/new" for 127.0.0.1 at 2017-03-16 13:06:07 +0300
Processing by RailsAdmin::MainController#new as HTML
  Parameters: {"utf8"=>"✓", "authenticity_token"=>"f/Cpt7kO6S26xnFepqCNe2cwjw328M6kxeRyv/1zwAAHw6e8asFmpi5BLUOxdzliJfgi7ZetnnBaMQ00eqrInw==", "test"=>{"title"=>"Угадай персонажа советского фильма", "description"=>"По описанию персонажа необходимо выбрать его имя", "category_id"=>"1", "question_ids"=>["", ""]}, "return_to"=>"http://localhost:3000/admin/test", "_save"=>"", "model_name"=>"test"}
  [1m[36mQuestion Load (1.1ms)[0m  [1m[34mSELECT "questions".* FROM "questions" WHERE 1=0[0m
  [1m[35m (2.7ms)[0m  [1m[36mbegin transaction[0m
  [1m[36mCategory Load (0.2ms)[0m  [1m[34mSELECT  "categories".* FROM "categories" WHERE "categories"."id" = ? LIMIT ?[0m  [["id", 1], ["LIMIT", 1]]
  [1m[35mSQL (1.0ms)[0m  [1m[32mINSERT INTO "tests" ("title", "description", "created_at", "updated_at", "category_id") VALUES (?, ?, ?, ?, ?)[0m  [["title", "Угадай персонажа советского фильма"], ["description", "По описанию персонажа необходимо выбрать его имя"], ["created_at", 2017-03-16 10:06:07 UTC], ["updated_at", 2017-03-16 10:06:07 UTC], ["category_id", 1]]
  [1m[35m (251.6ms)[0m  [1m[36mcommit transaction[0m
Redirected to http://localhost:3000/admin/test
Completed 302 Found in 272ms (ActiveRecord: 256.7ms)


Started GET "/admin/test" for 127.0.0.1 at 2017-03-16 13:06:08 +0300
Processing by RailsAdmin::MainController#index as HTML
  Parameters: {"model_name"=>"test"}
  Rendering /home/oksana/.rvm/gems/ruby-2.3.1/gems/rails_admin-1.1.1/app/views/rails_admin/main/index.html.haml within layouts/rails_admin/application
  [1m[36mTest Load (0.3ms)[0m  [1m[34mSELECT  "tests".* FROM "tests" ORDER BY tests.id desc LIMIT ? OFFSET ?[0m  [["LIMIT", 20], ["OFFSET", 0]]
  [1m[36mCategory Load (0.2ms)[0m  [1m[34mSELECT "categories".* FROM "categories" WHERE "categories"."id" = 1[0m
  [1m[35m (0.1ms)[0m  [1m[34mSELECT COUNT(*) FROM "tests"[0m
  Rendered /home/oksana/.rvm/gems/ruby-2.3.1/gems/rails_admin-1.1.1/app/views/rails_admin/main/index.html.haml within layouts/rails_admin/application (53.8ms)
  Rendered /home/oksana/.rvm/gems/ruby-2.3.1/gems/rails_admin-1.1.1/app/views/layouts/rails_admin/_secondary_navigation.html.haml (2.1ms)
  Rendered /home/oksana/.rvm/gems/ruby-2.3.1/gems/rails_admin-1.1.1/app/views/layouts/rails_admin/_navigation.html.haml (5.0ms)
  Rendered /home/oksana/.rvm/gems/ruby-2.3.1/gems/rails_admin-1.1.1/app/views/layouts/rails_admin/_sidebar_navigation.html.haml (4.3ms)
  Rendering /home/oksana/.rvm/gems/ruby-2.3.1/gems/rails_admin-1.1.1/app/views/layouts/rails_admin/pjax.html.haml
  Rendered /home/oksana/.rvm/gems/ruby-2.3.1/gems/rails_admin-1.1.1/app/views/layouts/rails_admin/pjax.html.haml (8.8ms)
Completed 200 OK in 208ms (Views: 201.9ms | ActiveRecord: 0.6ms)


  [1m[36mTest Load (1.8ms)[0m  [1m[34mSELECT "tests".* FROM "tests"[0m
  [1m[36mCategory Load (0.1ms)[0m  [1m[34mSELECT "categories".* FROM "categories"[0m
